app/build/intermediates/manifest_merge_blame_file/debug/manifest-merger-blame-debug-report.txt
1<?xml version="1.0" encoding="utf-8"?>
2<manifest xmlns:android="http://schemas.android.com/apk/res/android"
3    package="com.prashant.isangeet"
4    android:versionCode="1"
5    android:versionName="1.0" >
6
7    <uses-sdk
8        android:minSdkVersion="16"
8-->src\main\AndroidManifest.xml
9        android:targetSdkVersion="30" />
9-->src\main\AndroidManifest.xml
10
11    <uses-permission android:name="android.permission.READ_EXTERNAL_STORAGE" />
11-->src\main\AndroidManifest.xml:5:5-80
11-->src\main\AndroidManifest.xml:5:22-77
12
13    <application
13-->src\main\AndroidManifest.xml:8:5-25:19
14        android:allowBackup="true"
14-->src\main\AndroidManifest.xml:10:9-35
15        android:appComponentFactory="androidx.core.app.CoreComponentFactory"
15-->[androidx.core:core:1.5.0] AndroidManifest.xml:24:18-86
16        android:debuggable="true"
17        android:icon="@mipmap/ic_launcher"
17-->src\main\AndroidManifest.xml:11:9-43
18        android:label="@string/app_name"
18-->src\main\AndroidManifest.xml:12:9-41
19        android:requestLegacyExternalStorage="true"
19-->src\main\AndroidManifest.xml:9:9-52
20        android:roundIcon="@mipmap/ic_launcher_round"
20-->src\main\AndroidManifest.xml:13:9-54
21        android:supportsRtl="true"
21-->src\main\AndroidManifest.xml:14:9-35
22        android:theme="@style/Theme.Isangeet" >
22-->src\main\AndroidManifest.xml:15:9-46
23        <activity
23-->src\main\AndroidManifest.xml:16:9-17:67
24            android:name="com.prashant.isangeet.PlaySong"
24-->src\main\AndroidManifest.xml:16:19-43
25            android:parentActivityName="com.prashant.isangeet.MainActivity" />
25-->src\main\AndroidManifest.xml:17:13-55
26        <activity android:name="com.prashant.isangeet.MainActivity" >
26-->src\main\AndroidManifest.xml:18:9-24:20
26-->src\main\AndroidManifest.xml:18:19-47
27            <intent-filter>
27-->src\main\AndroidManifest.xml:19:13-23:29
28                <action android:name="android.intent.action.MAIN" />
28-->src\main\AndroidManifest.xml:20:17-69
28-->src\main\AndroidManifest.xml:20:25-66
29
30                <category android:name="android.intent.category.LAUNCHER" />
30-->src\main\AndroidManifest.xml:22:17-77
30-->src\main\AndroidManifest.xml:22:27-74
31            </intent-filter>
32        </activity>
33        <activity
33-->[com.karumi:dexter:6.2.3] AndroidManifest.xml:27:9-29:72
34            android:name="com.karumi.dexter.DexterActivity"
34-->[com.karumi:dexter:6.2.3] AndroidManifest.xml:28:13-60
35            android:theme="@style/Dexter.Internal.Theme.Transparent" />
35-->[com.karumi:dexter:6.2.3] AndroidManifest.xml:29:13-69
36    </application>
37
38</manifest>